debug: [38;2;140;209;13m[2022-08-02 01:44:49][main] =>  start ... 3000  [39m
debug: [38;2;140;209;13m[2022-08-02 01:46:35][main] =>  start ... 3000  [39m
debug: [38;2;140;209;13m[2022-08-02 01:47:49][main] =>  start ... 3000  [39m
debug: [38;2;140;209;13m[2022-08-02 01:47:56][main] =>  start ... 3000  [39m
debug: [38;2;140;209;13m[2022-08-02 01:48:34][main] =>  start ... 3000  [39m
debug: [38;2;140;209;13m[2022-08-02 01:52:54][main] =>  start ... 3000  [39m
debug: [38;2;140;209;13m[2022-08-02 01:54:00][main] =>  start ... 3000  [39m
debug: [38;2;140;209;13m[2022-08-02 01:55:18][main] =>  start ... 3000  [39m
debug: [38;2;140;209;13m[2022-08-02 01:57:51][main] =>  start ... 3000  [39m
debug: [38;2;140;209;13m[2022-08-02 01:59:05][main] =>  start ... 3000  [39m
debug: [38;2;140;209;13m[2022-08-02 01:59:25][main] =>  start ... 3000  [39m
debug: [38;2;140;209;13m[2022-08-02 01:59:42][main] =>  start ... 3000  [39m
debug: [38;2;140;209;13m[2022-08-02 02:00:23][main] =>  start ... 3000  [39m
debug: [38;2;140;209;13m[2022-08-02 02:01:49][main] =>  start ... 3000  [39m
debug: [38;2;140;209;13m[2022-08-02 02:07:47][main] =>  start ... 3000  [39m
debug: [38;2;140;209;13m[2022-08-02 02:08:12][main] =>  start ... 3000  [39m
debug: [38;2;140;209;13m[2022-08-02 02:08:40][main] =>  start ... 3000  [39m
debug: [38;2;140;209;13m[2022-08-02 02:09:54][main] =>  start ... 3000  [39m
debug: [38;2;140;209;13m[2022-08-02 02:10:13][main] =>  start ... 3000  [39m
debug: [38;2;140;209;13m[2022-08-02 02:10:21][main] =>  start ... 3000  [39m
debug: [38;2;140;209;13m[2022-08-02 02:11:40][main] =>  start ... 3000  [39m
debug: [38;2;140;209;13m[2022-08-02 02:12:33][main] =>  start ... 3000  [39m
debug: [38;2;140;209;13m[2022-08-02 02:13:18][main] =>  start ... 3000  [39m
debug: [38;2;140;209;13m[2022-08-02 02:15:03][main] =>  start ... 3000  [39m
debug: [38;2;140;209;13m[2022-08-02 02:17:35][main] =>  start ... 3000  [39m
debug: [38;2;140;209;13m[2022-08-02 02:18:57][main] =>  start ... 3000  [39m
debug: [38;2;140;209;13m[2022-08-02 02:19:04][main] =>  start ... 3000  [39m
debug: [38;2;140;209;13m[2022-08-04 12:51:58][main] =>  start ... 3000  [39m
debug: [38;2;140;209;13m[2022-08-04 13:09:09][main] =>  start ... 3000  [39m
debug: [38;2;140;209;13m[2022-08-04 13:10:40][main] =>  start ... 3000  [39m
debug: [38;2;140;209;13m[2022-08-04 13:14:44][main] =>  start ... 3000  [39m
debug: [38;2;140;209;13m[2022-08-04 13:15:12][main] =>  start ... 3000  [39m
debug: [38;2;140;209;13m[2022-08-04 13:15:22][main] =>  start ... 3000  [39m
debug: [38;2;140;209;13m[2022-08-04 13:15:39][main] =>  start ... 3000  [39m
debug: [38;2;140;209;13m[2022-08-04 13:15:54][main] =>  start ... 3000  [39m
debug: [38;2;140;209;13m[2022-08-04 13:16:04][main] =>  start ... 3000  [39m
debug: [38;2;140;209;13m[2022-08-04 13:18:20][main] =>  start ... 3000  [39m
debug: [38;2;140;209;13m[2022-08-04 13:19:32][main] =>  start ... 3000  [39m
error: [38;2;249;92;90m[2022-08-04 13:19:39][AuthService] =>  api_userLogin ->  {"message":"Request failed with status code 500","name":"AxiosError","config":{"transitional":{"silentJSONParsing":true,"forcedJSONParsing":true,"clarifyTimeoutError":false},"transformRequest":[null],"transformResponse":[null],"timeout":0,"xsrfCookieName":"XSRF-TOKEN","xsrfHeaderName":"X-XSRF-TOKEN","maxContentLength":-1,"maxBodyLength":-1,"env":{},"headers":{"Accept":"*/*","Content-Type":"application/json","authority":"myapi.ku.th","accept-language":"th-TH,th;q=0.9,en-US;q=0.8,en;q=0.7","app-key":"txCR5732xYYWDGdd49M3R19o1OVwdRFc","origin":"https://my.ku.th","referer":"https://my.ku.th/","sec-ch-ua":"\" Not A;Brand\";v=\"99\", \"Chromium\";v=\"102\", \"Google Chrome\";v=\"102\"","sec-ch-ua-mobile":"?0","sec-ch-ua-platform":"\"Windows\"","sec-fetch-dest":"empty","sec-fetch-mode":"cors","sec-fetch-site":"same-site","user-agent":"Mozilla/5.0 (Windows NT 10.0; Win64; x64) AppleWebKit/537.36 (KHTML, like Gecko) Chrome/102.0.0.0 Safari/537.36","Content-Length":54},"method":"post","url":"https://myapi.ku.th/auth/login","data":"{\"username\":\"b6510405334\",\"password\":\"0828302070Za@a\"}"},"code":"ERR_BAD_RESPONSE","status":500}  [39m
debug: [38;2;140;209;13m[2022-08-04 13:22:06][main] =>  start ... 3000  [39m
error: [38;2;249;92;90m[2022-08-04 13:22:08][AuthService] =>  api_userLogin ->  {"message":"Request failed with status code 500","name":"AxiosError","config":{"transitional":{"silentJSONParsing":true,"forcedJSONParsing":true,"clarifyTimeoutError":false},"transformRequest":[null],"transformResponse":[null],"timeout":0,"xsrfCookieName":"XSRF-TOKEN","xsrfHeaderName":"X-XSRF-TOKEN","maxContentLength":-1,"maxBodyLength":-1,"env":{},"headers":{"Accept":"*/*","Content-Type":"application/json","authority":"myapi.ku.th","accept-language":"th-TH,th;q=0.9,en-US;q=0.8,en;q=0.7","app-key":"txCR5732xYYWDGdd49M3R19o1OVwdRFc","origin":"https://my.ku.th","referer":"https://my.ku.th/","sec-ch-ua":"\" Not A;Brand\";v=\"99\", \"Chromium\";v=\"102\", \"Google Chrome\";v=\"102\"","sec-ch-ua-mobile":"?0","sec-ch-ua-platform":"\"Windows\"","sec-fetch-dest":"empty","sec-fetch-mode":"cors","sec-fetch-site":"same-site","user-agent":"Mozilla/5.0 (Windows NT 10.0; Win64; x64) AppleWebKit/537.36 (KHTML, like Gecko) Chrome/102.0.0.0 Safari/537.36","Content-Length":54},"method":"post","url":"https://myapi.ku.th/auth/login","data":"{\"username\":\"b6510405334\",\"password\":\"0828302070Za@a\"}"},"code":"ERR_BAD_RESPONSE","status":500}  [39m
debug: [38;2;140;209;13m[2022-08-04 13:22:40][main] =>  start ... 3000  [39m
error: [38;2;249;92;90m[2022-08-04 13:22:42][AuthService] =>  api_userLogin ->  {"message":"Request failed with status code 500","name":"AxiosError","config":{"transitional":{"silentJSONParsing":true,"forcedJSONParsing":true,"clarifyTimeoutError":false},"transformRequest":[null],"transformResponse":[null],"timeout":0,"xsrfCookieName":"XSRF-TOKEN","xsrfHeaderName":"X-XSRF-TOKEN","maxContentLength":-1,"maxBodyLength":-1,"env":{},"headers":{"Accept":"*/*","Content-Type":"application/json","authority":"myapi.ku.th","accept-language":"th-TH,th;q=0.9,en-US;q=0.8,en;q=0.7","app-key":"txCR5732xYYWDGdd49M3R19o1OVwdRFc","origin":"https://my.ku.th","referer":"https://my.ku.th/","sec-ch-ua":"\" Not A;Brand\";v=\"99\", \"Chromium\";v=\"102\", \"Google Chrome\";v=\"102\"","sec-ch-ua-mobile":"?0","sec-ch-ua-platform":"\"Windows\"","sec-fetch-dest":"empty","sec-fetch-mode":"cors","sec-fetch-site":"same-site","user-agent":"Mozilla/5.0 (Windows NT 10.0; Win64; x64) AppleWebKit/537.36 (KHTML, like Gecko) Chrome/102.0.0.0 Safari/537.36","Content-Length":54},"method":"post","url":"https://myapi.ku.th/auth/login","data":"{\"username\":\"b6510405334\",\"password\":\"0828302070Za@a\"}"},"code":"ERR_BAD_RESPONSE","status":500}  [39m
debug: [38;2;140;209;13m[2022-08-04 13:24:11][main] =>  start ... 3000  [39m
debug: [38;2;140;209;13m[2022-08-04 13:24:50][main] =>  start ... 3000  [39m
debug: [38;2;140;209;13m[2022-08-04 13:25:03][main] =>  start ... 3000  [39m
error: [38;2;249;92;90m[2022-08-04 13:25:05][AuthService] =>  api_userLogin ->  {"message":"Request failed with status code 500","name":"AxiosError","config":{"transitional":{"silentJSONParsing":true,"forcedJSONParsing":true,"clarifyTimeoutError":false},"transformRequest":[null],"transformResponse":[null],"timeout":0,"xsrfCookieName":"XSRF-TOKEN","xsrfHeaderName":"X-XSRF-TOKEN","maxContentLength":-1,"maxBodyLength":-1,"env":{},"headers":{"Accept":"*/*","Content-Type":"application/json","authority":"myapi.ku.th","accept-language":"th-TH,th;q=0.9,en-US;q=0.8,en;q=0.7","app-key":"txCR5732xYYWDGdd49M3R19o1OVwdRFc","origin":"https://my.ku.th","referer":"https://my.ku.th/","sec-ch-ua":"\" Not A;Brand\";v=\"99\", \"Chromium\";v=\"102\", \"Google Chrome\";v=\"102\"","sec-ch-ua-mobile":"?0","sec-ch-ua-platform":"\"Windows\"","sec-fetch-dest":"empty","sec-fetch-mode":"cors","sec-fetch-site":"same-site","user-agent":"Mozilla/5.0 (Windows NT 10.0; Win64; x64) AppleWebKit/537.36 (KHTML, like Gecko) Chrome/102.0.0.0 Safari/537.36","Content-Length":54},"method":"post","url":"https://myapi.ku.th/auth/login","data":"{\"username\":\"b6510405334\",\"password\":\"0828302070Za@s\"}"},"code":"ERR_BAD_RESPONSE","status":500}  [39m
debug: [38;2;140;209;13m[2022-08-04 13:25:19][main] =>  start ... 3000  [39m
error: [38;2;249;92;90m[2022-08-04 13:25:20][AuthService] =>  api_userLogin ->  {"message":"Request failed with status code 500","name":"AxiosError","config":{"transitional":{"silentJSONParsing":true,"forcedJSONParsing":true,"clarifyTimeoutError":false},"transformRequest":[null],"transformResponse":[null],"timeout":0,"xsrfCookieName":"XSRF-TOKEN","xsrfHeaderName":"X-XSRF-TOKEN","maxContentLength":-1,"maxBodyLength":-1,"env":{},"headers":{"Accept":"*/*","Content-Type":"application/json","authority":"myapi.ku.th","accept-language":"th-TH,th;q=0.9,en-US;q=0.8,en;q=0.7","app-key":"txCR5732xYYWDGdd49M3R19o1OVwdRFc","origin":"https://my.ku.th","referer":"https://my.ku.th/","sec-ch-ua":"\" Not A;Brand\";v=\"99\", \"Chromium\";v=\"102\", \"Google Chrome\";v=\"102\"","sec-ch-ua-mobile":"?0","sec-ch-ua-platform":"\"Windows\"","sec-fetch-dest":"empty","sec-fetch-mode":"cors","sec-fetch-site":"same-site","user-agent":"Mozilla/5.0 (Windows NT 10.0; Win64; x64) AppleWebKit/537.36 (KHTML, like Gecko) Chrome/102.0.0.0 Safari/537.36","Content-Length":54},"method":"post","url":"https://myapi.ku.th/auth/login","data":"{\"username\":\"b6510405334\",\"password\":\"0828302070Za@s\"}"},"code":"ERR_BAD_RESPONSE","status":500}  [39m
debug: [38;2;140;209;13m[2022-08-04 13:25:57][main] =>  start ... 3000  [39m
debug: [38;2;140;209;13m[2022-08-04 13:26:24][main] =>  start ... 3000  [39m
debug: [38;2;140;209;13m[2022-08-04 13:27:06][main] =>  start ... 3000  [39m
debug: [38;2;140;209;13m[2022-08-04 13:27:16][main] =>  start ... 3000  [39m
debug: [38;2;140;209;13m[2022-08-04 13:31:05][main] =>  start ... 3000  [39m
debug: [38;2;140;209;13m[2022-08-04 13:32:11][main] =>  start ... 3000  [39m
debug: [38;2;140;209;13m[2022-08-04 13:34:06][main] =>  start ... 3000  [39m
debug: [38;2;140;209;13m[2022-08-04 13:34:58][main] =>  start ... 3000  [39m
debug: [38;2;140;209;13m[2022-08-04 13:35:16][main] =>  start ... 3000  [39m
debug: [38;2;140;209;13m[2022-08-04 13:36:14][main] =>  start ... 3000  [39m
debug: [38;2;140;209;13m[2022-08-04 13:53:55][main] =>  start ... 3000  [39m
debug: [38;2;140;209;13m[2022-08-04 13:55:11][main] =>  start ... 3000  [39m
debug: [38;2;140;209;13m[2022-08-04 13:55:45][main] =>  start ... 3000  [39m
debug: [38;2;140;209;13m[2022-08-04 13:55:54][main] =>  start ... 3000  [39m
debug: [38;2;140;209;13m[2022-08-04 14:00:34][main] =>  start ... 3000  [39m
debug: [38;2;140;209;13m[2022-08-04 16:57:59][main] =>  start ... 3000  [39m
debug: [38;2;140;209;13m[2022-08-04 17:03:48][main] =>  start ... 3000  [39m
debug: [38;2;140;209;13m[2022-08-04 17:04:21][main] =>  start ... 3000  [39m
debug: [38;2;140;209;13m[2022-08-04 17:04:50][main] =>  start ... 3000  [39m
debug: [38;2;140;209;13m[2022-08-04 17:06:16][main] =>  start ... 3000  [39m
debug: [38;2;140;209;13m[2022-08-04 17:26:25][main] =>  start ... 3000  [39m
debug: [38;2;140;209;13m[2022-08-04 17:27:57][main] =>  start ... 3000  [39m
debug: [38;2;140;209;13m[2022-08-04 17:28:23][main] =>  start ... 3000  [39m
debug: [38;2;140;209;13m[2022-08-04 17:30:35][main] =>  start ... 3000  [39m
debug: [38;2;140;209;13m[2022-08-04 17:30:49][main] =>  start ... 3000  [39m
debug: [38;2;140;209;13m[2022-08-04 17:31:02][main] =>  start ... 3000  [39m
debug: [38;2;140;209;13m[2022-08-04 17:31:25][main] =>  start ... 3000  [39m
debug: [38;2;140;209;13m[2022-08-04 17:33:27][main] =>  start ... 3000  [39m
debug: [38;2;140;209;13m[2022-08-04 17:34:00][main] =>  start ... 3000  [39m
debug: [38;2;140;209;13m[2022-08-04 17:41:41][main] =>  start ... 3000  [39m
debug: [38;2;140;209;13m[2022-08-04 17:43:22][main] =>  start ... 3000  [39m
debug: [38;2;140;209;13m[2022-08-04 17:45:34][main] =>  start ... 3000  [39m
debug: [38;2;140;209;13m[2022-08-04 17:48:01][main] =>  start ... 3000  [39m
debug: [38;2;140;209;13m[2022-08-04 17:48:53][main] =>  start ... 3000  [39m
debug: [38;2;140;209;13m[2022-08-04 17:49:22][main] =>  start ... 3000  [39m
debug: [38;2;140;209;13m[2022-08-04 17:49:46][main] =>  start ... 3000  [39m
debug: [38;2;140;209;13m[2022-08-04 17:50:42][main] =>  start ... 3000  [39m
debug: [38;2;140;209;13m[2022-08-04 17:53:00][main] =>  start ... 3000  [39m
debug: [38;2;140;209;13m[2022-08-04 17:58:14][main] =>  start ... 3000  [39m
debug: [38;2;140;209;13m[2022-08-04 17:58:38][main] =>  start ... 3000  [39m
debug: [38;2;140;209;13m[2022-08-04 17:59:10][main] =>  start ... 3000  [39m
debug: [38;2;140;209;13m[2022-08-04 17:59:21][main] =>  start ... 3000  [39m
debug: [38;2;140;209;13m[2022-08-04 17:59:45][main] =>  start ... 3000  [39m
debug: [38;2;140;209;13m[2022-08-04 18:00:44][main] =>  start ... 3000  [39m
debug: [38;2;140;209;13m[2022-08-04 20:11:08][main] =>  start ... 3000  [39m
debug: [38;2;140;209;13m[2022-08-05 01:37:54][main] =>  start ... 3000  [39m
debug: [38;2;140;209;13m[2022-08-05 01:41:06][main] =>  start ... 3000  [39m
debug: [38;2;140;209;13m[2022-08-05 01:52:10][main] =>  start ... 3000  [39m
debug: [38;2;140;209;13m[2022-08-05 01:52:32][main] =>  start ... 3000  [39m
debug: [38;2;140;209;13m[2022-08-05 01:53:55][main] =>  start ... 3000  [39m
debug: [38;2;140;209;13m[2022-08-05 01:55:04][main] =>  start ... 3000  [39m
debug: [38;2;140;209;13m[2022-08-05 01:55:30][main] =>  start ... 3000  [39m
debug: [38;2;140;209;13m[2022-08-05 01:56:00][main] =>  start ... 3000  [39m
debug: [38;2;140;209;13m[2022-08-05 01:57:28][main] =>  start ... 3000  [39m
debug: [38;2;140;209;13m[2022-08-05 01:58:03][main] =>  start ... 3000  [39m
debug: [38;2;140;209;13m[2022-08-05 01:58:34][main] =>  start ... 3000  [39m
debug: [38;2;140;209;13m[2022-08-05 02:04:05][main] =>  start ... 3000  [39m
debug: [38;2;140;209;13m[2022-08-05 02:04:34][main] =>  start ... 3000  [39m
debug: [38;2;140;209;13m[2022-08-05 02:05:06][main] =>  start ... 3000  [39m
debug: [38;2;140;209;13m[2022-08-05 02:06:21][main] =>  start ... 3000  [39m
debug: [38;2;140;209;13m[2022-08-05 02:10:58][main] =>  start ... 3000  [39m
debug: [38;2;140;209;13m[2022-08-05 02:11:36][main] =>  start ... 3000  [39m
debug: [38;2;140;209;13m[2022-08-05 02:26:30][main] =>  start ... 3000  [39m
debug: [38;2;140;209;13m[2022-08-05 02:29:16][main] =>  start ... 3000  [39m
debug: [38;2;140;209;13m[2022-08-05 02:29:52][main] =>  start ... 3000  [39m
debug: [38;2;140;209;13m[2022-08-05 02:30:15][main] =>  start ... 3000  [39m
debug: [38;2;140;209;13m[2022-08-05 02:30:35][main] =>  start ... 3000  [39m
debug: [38;2;140;209;13m[2022-08-05 02:32:06][main] =>  start ... 3000  [39m
debug: [38;2;140;209;13m[2022-08-05 02:32:39][main] =>  start ... 3000  [39m
debug: [38;2;140;209;13m[2022-08-05 02:32:59][main] =>  start ... 3000  [39m
debug: [38;2;140;209;13m[2022-08-05 02:37:13][main] =>  start ... 3000  [39m
debug: [38;2;140;209;13m[2022-08-05 02:37:30][main] =>  start ... 3000  [39m
debug: [38;2;140;209;13m[2022-08-05 02:38:28][main] =>  start ... 3000  [39m
debug: [38;2;140;209;13m[2022-08-05 02:38:46][main] =>  start ... 3000  [39m
debug: [38;2;140;209;13m[2022-08-05 02:40:34][main] =>  start ... 3000  [39m
debug: [38;2;140;209;13m[2022-08-05 02:41:21][main] =>  start ... 3000  [39m
debug: [38;2;140;209;13m[2022-08-05 02:43:02][main] =>  start ... 3000  [39m
debug: [38;2;140;209;13m[2022-08-05 02:45:13][main] =>  start ... 3000  [39m
debug: [38;2;140;209;13m[2022-08-05 02:46:28][main] =>  start ... 3000  [39m
debug: [38;2;140;209;13m[2022-08-05 02:46:39][main] =>  start ... 3000  [39m
debug: [38;2;140;209;13m[2022-08-05 02:50:06][main] =>  start ... 3000  [39m
debug: [38;2;140;209;13m[2022-08-05 02:55:34][main] =>  start ... 3000  [39m
debug: [38;2;140;209;13m[2022-08-05 03:12:25][main] =>  start ... 3000  [39m
debug: [38;2;140;209;13m[2022-08-05 03:21:43][main] =>  start ... 3000  [39m
debug: [38;2;140;209;13m[2022-08-05 03:40:06][main] =>  start ... 3000  [39m
debug: [38;2;140;209;13m[2022-08-05 03:41:01][main] =>  start ... 3000  [39m
debug: [38;2;140;209;13m[2022-08-05 03:42:51][main] =>  start ... 3000  [39m
debug: [38;2;140;209;13m[2022-08-05 03:43:26][main] =>  start ... 3000  [39m
debug: [38;2;140;209;13m[2022-08-05 03:44:32][main] =>  start ... 3000  [39m
debug: [38;2;140;209;13m[2022-08-05 03:45:23][main] =>  start ... 3000  [39m
debug: [38;2;140;209;13m[2022-08-05 03:46:01][main] =>  start ... 3000  [39m
debug: [38;2;140;209;13m[2022-08-05 03:51:44][main] =>  start ... 3000  [39m
debug: [38;2;140;209;13m[2022-08-05 15:47:08][main] =>  start ... 3000  [39m
debug: [38;2;140;209;13m[2022-08-05 15:48:03][main] =>  start ... 3000  [39m
debug: [38;2;140;209;13m[2022-08-05 15:52:56][main] =>  start ... 3000  [39m
debug: [38;2;140;209;13m[2022-08-05 15:55:47][main] =>  start ... 3000  [39m
debug: [38;2;140;209;13m[2022-08-05 15:56:02][main] =>  start ... 3000  [39m
debug: [38;2;140;209;13m[2022-08-05 15:56:23][main] =>  start ... 3000  [39m
debug: [38;2;140;209;13m[2022-08-05 15:56:41][main] =>  start ... 3000  [39m
debug: [38;2;140;209;13m[2022-08-05 15:56:54][main] =>  start ... 3000  [39m
debug: [38;2;140;209;13m[2022-08-05 15:57:14][main] =>  start ... 3000  [39m
debug: [38;2;140;209;13m[2022-08-05 15:57:26][main] =>  start ... 3000  [39m
debug: [38;2;140;209;13m[2022-08-05 16:01:26][main] =>  start ... 3000  [39m
debug: [38;2;140;209;13m[2022-08-05 16:02:21][main] =>  start ... 3000  [39m
debug: [38;2;140;209;13m[2022-08-05 16:02:29][main] =>  start ... 3000  [39m
debug: [38;2;140;209;13m[2022-08-05 16:04:43][main] =>  start ... 3000  [39m
debug: [38;2;140;209;13m[2022-08-05 16:13:45][main] =>  start ... 3000  [39m
debug: [38;2;140;209;13m[2022-08-05 16:15:09][main] =>  start ... 3000  [39m
debug: [38;2;140;209;13m[2022-08-05 16:15:55][main] =>  start ... 3000  [39m
debug: [38;2;140;209;13m[2022-08-05 16:16:19][main] =>  start ... 3000  [39m
debug: [38;2;140;209;13m[2022-08-05 16:16:38][main] =>  start ... 3000  [39m
debug: [38;2;140;209;13m[2022-08-05 16:17:04][main] =>  start ... 3000  [39m
debug: [38;2;140;209;13m[2022-08-05 16:18:09][main] =>  start ... 3000  [39m
debug: [38;2;140;209;13m[2022-08-05 16:33:11][main] =>  start ... 3000  [39m
debug: [38;2;140;209;13m[2022-08-05 16:33:22][main] =>  start ... 3000  [39m
debug: [38;2;140;209;13m[2022-08-05 16:35:48][main] =>  start ... 3000  [39m
debug: [38;2;140;209;13m[2022-08-05 16:37:40][main] =>  start ... 3000  [39m
debug: [38;2;140;209;13m[2022-08-05 16:38:43][main] =>  start ... 3000  [39m
debug: [38;2;140;209;13m[2022-08-05 16:39:11][main] =>  start ... 3000  [39m
debug: [38;2;140;209;13m[2022-08-05 16:39:34][main] =>  start ... 3000  [39m
debug: [38;2;140;209;13m[2022-08-05 16:42:14][main] =>  start ... 3000  [39m
debug: [38;2;140;209;13m[2022-08-05 16:44:36][main] =>  start ... 3000  [39m
debug: [38;2;140;209;13m[2022-08-05 17:16:23][main] =>  start ... 3000  [39m
debug: [38;2;140;209;13m[2022-08-05 17:17:11][main] =>  start ... 3000  [39m
debug: [38;2;140;209;13m[2022-08-05 17:19:34][main] =>  start ... 3000  [39m
debug: [38;2;140;209;13m[2022-08-05 17:20:46][main] =>  start ... 3000  [39m
debug: [38;2;140;209;13m[2022-08-08 23:06:04][main] =>  start ... 3000  [39m
debug: [38;2;140;209;13m[2022-08-08 23:11:52][main] =>  start ... 3000  [39m
debug: [38;2;140;209;13m[2022-08-08 23:14:28][main] =>  start ... 3000  [39m
debug: [38;2;140;209;13m[2022-08-08 23:16:43][main] =>  start ... 3000  [39m
debug: [38;2;140;209;13m[2022-08-08 23:18:30][main] =>  start ... 3000  [39m
error: [38;2;249;92;90m[2022-08-08 23:18:45][AuthService] =>  userLogin ->  {"message":"Request failed with status code 500","name":"AxiosError","config":{"transitional":{"silentJSONParsing":true,"forcedJSONParsing":true,"clarifyTimeoutError":false},"transformRequest":[null],"transformResponse":[null],"timeout":0,"xsrfCookieName":"XSRF-TOKEN","xsrfHeaderName":"X-XSRF-TOKEN","maxContentLength":-1,"maxBodyLength":-1,"env":{},"headers":{"Accept":"*/*","Content-Type":"application/json","authority":"myapi.ku.th","accept-language":"th-TH,th;q=0.9,en-US;q=0.8,en;q=0.7","app-key":"txCR5732xYYWDGdd49M3R19o1OVwdRFc","origin":"https://my.ku.th","referer":"https://my.ku.th/","sec-ch-ua":"\" Not A;Brand\";v=\"99\", \"Chromium\";v=\"102\", \"Google Chrome\";v=\"102\"","sec-ch-ua-mobile":"?0","sec-ch-ua-platform":"\"Windows\"","sec-fetch-dest":"empty","sec-fetch-mode":"cors","sec-fetch-site":"same-site","user-agent":"Mozilla/5.0 (Windows NT 10.0; Win64; x64) AppleWebKit/537.36 (KHTML, like Gecko) Chrome/102.0.0.0 Safari/537.36","Content-Length":41},"method":"post","url":"https://myapi.ku.th/auth/login","data":"{\"username\":\"string\",\"password\":\"string\"}"},"code":"ERR_BAD_RESPONSE","status":500}  [39m
error: [38;2;249;92;90m[2022-08-08 23:18:45][AuthService] =>  api_userLogin ->  {"response":"AxiosError: Request failed with status code 500","status":500,"message":"AxiosError: Request failed with status code 500","name":"HttpException"}  [39m
debug: [38;2;140;209;13m[2022-08-08 23:20:10][main] =>  start ... 3000  [39m
error: [38;2;249;92;90m[2022-08-08 23:20:25][AuthService] =>  userLogin ->  {"message":"Request failed with status code 500","name":"AxiosError","config":{"transitional":{"silentJSONParsing":true,"forcedJSONParsing":true,"clarifyTimeoutError":false},"transformRequest":[null],"transformResponse":[null],"timeout":0,"xsrfCookieName":"XSRF-TOKEN","xsrfHeaderName":"X-XSRF-TOKEN","maxContentLength":-1,"maxBodyLength":-1,"env":{},"headers":{"Accept":"*/*","Content-Type":"application/json","authority":"myapi.ku.th","accept-language":"th-TH,th;q=0.9,en-US;q=0.8,en;q=0.7","app-key":"txCR5732xYYWDGdd49M3R19o1OVwdRFc","origin":"https://my.ku.th","referer":"https://my.ku.th/","sec-ch-ua":"\" Not A;Brand\";v=\"99\", \"Chromium\";v=\"102\", \"Google Chrome\";v=\"102\"","sec-ch-ua-mobile":"?0","sec-ch-ua-platform":"\"Windows\"","sec-fetch-dest":"empty","sec-fetch-mode":"cors","sec-fetch-site":"same-site","user-agent":"Mozilla/5.0 (Windows NT 10.0; Win64; x64) AppleWebKit/537.36 (KHTML, like Gecko) Chrome/102.0.0.0 Safari/537.36","Content-Length":41},"method":"post","url":"https://myapi.ku.th/auth/login","data":"{\"username\":\"string\",\"password\":\"string\"}"},"code":"ERR_BAD_RESPONSE","status":500}  [39m
error: [38;2;249;92;90m[2022-08-08 23:20:25][AuthService] =>  api_userLogin ->  {"response":"AxiosError: Request failed with status code 500","status":500,"message":"AxiosError: Request failed with status code 500","name":"HttpException"}  [39m
debug: [38;2;140;209;13m[2022-08-08 23:21:03][main] =>  start ... 3000  [39m
debug: [38;2;140;209;13m[2022-08-08 23:22:31][main] =>  start ... 3000  [39m
error: [38;2;249;92;90m[2022-08-08 23:30:00][AuthService] =>  userLogin ->  {"message":"Request failed with status code 500","name":"AxiosError","config":{"transitional":{"silentJSONParsing":true,"forcedJSONParsing":true,"clarifyTimeoutError":false},"transformRequest":[null],"transformResponse":[null],"timeout":0,"xsrfCookieName":"XSRF-TOKEN","xsrfHeaderName":"X-XSRF-TOKEN","maxContentLength":-1,"maxBodyLength":-1,"env":{},"headers":{"Accept":"*/*","Content-Type":"application/json","authority":"myapi.ku.th","accept-language":"th-TH,th;q=0.9,en-US;q=0.8,en;q=0.7","app-key":"txCR5732xYYWDGdd49M3R19o1OVwdRFc","origin":"https://my.ku.th","referer":"https://my.ku.th/","sec-ch-ua":"\" Not A;Brand\";v=\"99\", \"Chromium\";v=\"102\", \"Google Chrome\";v=\"102\"","sec-ch-ua-mobile":"?0","sec-ch-ua-platform":"\"Windows\"","sec-fetch-dest":"empty","sec-fetch-mode":"cors","sec-fetch-site":"same-site","user-agent":"Mozilla/5.0 (Windows NT 10.0; Win64; x64) AppleWebKit/537.36 (KHTML, like Gecko) Chrome/102.0.0.0 Safari/537.36","Content-Length":41},"method":"post","url":"https://myapi.ku.th/auth/login","data":"{\"username\":\"string\",\"password\":\"string\"}"},"code":"ERR_BAD_RESPONSE","status":500}  [39m
error: [38;2;249;92;90m[2022-08-08 23:30:00][AuthService] =>  api_userLogin ->  {"response":"AxiosError: Request failed with status code 500","status":500,"message":"AxiosError: Request failed with status code 500","name":"HttpException"}  [39m
debug: [38;2;140;209;13m[2022-08-08 23:33:06][main] =>  start ... 3000  [39m
debug: [38;2;140;209;13m[2022-08-08 23:38:30][main] =>  start ... 3000  [39m
debug: [38;2;140;209;13m[2022-08-08 23:39:37][main] =>  start ... 3000  [39m
debug: [38;2;140;209;13m[2022-08-08 23:45:16][main] =>  start ... 3000  [39m
debug: [38;2;140;209;13m[2022-08-09 00:07:30][UsersService] =>  req->  [39m
debug: [38;2;140;209;13m[2022-08-09 00:08:30][main] =>  start ... 3000  [39m
debug: [38;2;140;209;13m[2022-08-09 00:09:18][UsersService] =>  req->  [39m
debug: [38;2;140;209;13m[2022-08-09 00:10:59][main] =>  start ... 3000  [39m
debug: [38;2;140;209;13m[2022-08-09 00:11:16][UsersService] =>  req->  [39m
debug: [38;2;140;209;13m[2022-08-09 00:11:55][UsersService] =>  req->  [39m
debug: [38;2;140;209;13m[2022-08-09 00:13:48][main] =>  start ... 3000  [39m
debug: [38;2;140;209;13m[2022-08-09 00:13:51][UsersService] =>  req->  [39m
debug: [38;2;140;209;13m[2022-08-09 00:14:20][main] =>  start ... 3000  [39m
debug: [38;2;140;209;13m[2022-08-09 00:14:35][UsersService] =>  req->  [39m
debug: [38;2;140;209;13m[2022-08-09 00:15:07][main] =>  start ... 3000  [39m
debug: [38;2;140;209;13m[2022-08-09 00:15:59][main] =>  start ... 3000  [39m
debug: [38;2;140;209;13m[2022-08-09 00:16:21][UsersService] =>  req->  [39m
debug: [38;2;140;209;13m[2022-08-09 00:16:49][main] =>  start ... 3000  [39m
debug: [38;2;140;209;13m[2022-08-09 00:21:01][main] =>  start ... 3000  [39m
debug: [38;2;140;209;13m[2022-08-09 00:21:41][UsersService] =>  req-> {"authorization":"Bearer aaaaaaaaaaaaaaaaaaaaaaaaaaaaaaaaaaaaaaaaaaaaaaaaaaaaaaaaaaaaaaaaaaaaaaaaaaaaaaaa","content-type":"application/json","user-agent":"PostmanRuntime/7.28.4","accept":"*/*","postman-token":"58325bed-6e2e-4930-bd6e-8a80d9441a09","host":"localhost:3000","accept-encoding":"gzip, deflate, br","connection":"keep-alive","content-length":"50"}  [39m
debug: [38;2;140;209;13m[2022-08-09 00:22:40][main] =>  start ... 3000  [39m
debug: [38;2;140;209;13m[2022-08-09 00:24:16][UsersService] =>  req-> Bearer aaaaaaaaaaaaaaaaaaaaaaaaaaaaaaaaaaaaaaaaaaaaaaaaaaaaaaaaaaaaaaaaaaaaaaaaaaaaaaaa  [39m
debug: [38;2;140;209;13m[2022-08-09 00:25:29][main] =>  start ... 3000  [39m
debug: [38;2;140;209;13m[2022-08-09 00:28:21][main] =>  start ... 3000  [39m
debug: [38;2;140;209;13m[2022-08-09 00:30:45][main] =>  start ... 3000  [39m
debug: [38;2;140;209;13m[2022-08-09 00:32:37][main] =>  start ... 3000  [39m
debug: [38;2;140;209;13m[2022-08-09 00:33:18][UsersService] =>  req->  [39m
debug: [38;2;140;209;13m[2022-08-09 00:34:20][main] =>  start ... 3000  [39m
debug: [38;2;140;209;13m[2022-08-09 00:35:28][UsersService] =>  req->  [39m
debug: [38;2;140;209;13m[2022-08-09 00:36:13][main] =>  start ... 3000  [39m
debug: [38;2;140;209;13m[2022-08-09 00:37:21][UsersService] =>  req->  [39m
debug: [38;2;140;209;13m[2022-08-09 00:38:16][main] =>  start ... 3000  [39m
debug: [38;2;140;209;13m[2022-08-10 00:43:29][main] =>  start ... 3000  [39m
debug: [38;2;140;209;13m[2022-08-10 00:47:01][main] =>  start ... 3000  [39m
